[Thu Oct 06 21:07:16.583431 2022] [ssl:warn] [pid 9768:tid 432] AH01909: www.example.com:443:0 server certificate does NOT include an ID which matches the server name
[Thu Oct 06 21:07:16.661698 2022] [ssl:warn] [pid 9768:tid 432] AH01909: www.example.com:443:0 server certificate does NOT include an ID which matches the server name
[Thu Oct 06 21:07:17.147181 2022] [mpm_winnt:notice] [pid 9768:tid 432] AH00455: Apache/2.4.53 (Win64) OpenSSL/1.1.1n PHP/8.1.6 configured -- resuming normal operations
[Thu Oct 06 21:07:17.147181 2022] [mpm_winnt:notice] [pid 9768:tid 432] AH00456: Apache Lounge VS16 Server built: Mar 16 2022 11:26:15
[Thu Oct 06 21:07:17.147181 2022] [core:notice] [pid 9768:tid 432] AH00094: Command line: 'C:\\xampp\\apache\\bin\\httpd.exe -d C:/xampp/apache'
[Thu Oct 06 21:07:17.177112 2022] [mpm_winnt:notice] [pid 9768:tid 432] AH00418: Parent: Created child process 6592
[Thu Oct 06 21:07:17.912967 2022] [ssl:warn] [pid 6592:tid 392] AH01909: www.example.com:443:0 server certificate does NOT include an ID which matches the server name
[Thu Oct 06 21:07:17.990197 2022] [ssl:warn] [pid 6592:tid 392] AH01909: www.example.com:443:0 server certificate does NOT include an ID which matches the server name
[Thu Oct 06 21:07:18.130236 2022] [mpm_winnt:notice] [pid 6592:tid 392] AH00354: Child: Starting 150 worker threads.
[Thu Oct 06 21:34:58.227030 2022] [ssl:warn] [pid 3024:tid 444] AH01909: www.example.com:443:0 server certificate does NOT include an ID which matches the server name
[Thu Oct 06 21:34:58.509007 2022] [ssl:warn] [pid 3024:tid 444] AH01909: www.example.com:443:0 server certificate does NOT include an ID which matches the server name
[Thu Oct 06 21:34:58.672897 2022] [mpm_winnt:notice] [pid 3024:tid 444] AH00455: Apache/2.4.53 (Win64) OpenSSL/1.1.1n PHP/8.1.6 configured -- resuming normal operations
[Thu Oct 06 21:34:58.672897 2022] [mpm_winnt:notice] [pid 3024:tid 444] AH00456: Apache Lounge VS16 Server built: Mar 16 2022 11:26:15
[Thu Oct 06 21:34:58.672897 2022] [core:notice] [pid 3024:tid 444] AH00094: Command line: 'c:\\xampp\\apache\\bin\\httpd.exe -d C:/xampp/apache'
[Thu Oct 06 21:34:58.677891 2022] [mpm_winnt:notice] [pid 3024:tid 444] AH00418: Parent: Created child process 4844
[Thu Oct 06 21:34:59.934210 2022] [ssl:warn] [pid 4844:tid 432] AH01909: www.example.com:443:0 server certificate does NOT include an ID which matches the server name
[Thu Oct 06 21:35:00.042260 2022] [ssl:warn] [pid 4844:tid 432] AH01909: www.example.com:443:0 server certificate does NOT include an ID which matches the server name
[Thu Oct 06 21:35:00.119215 2022] [mpm_winnt:notice] [pid 4844:tid 432] AH00354: Child: Starting 150 worker threads.
[Thu Oct 06 21:35:29.221302 2022] [php:error] [pid 4844:tid 1888] [client ::1:50033] PHP Fatal error:  Uncaught mysqli_sql_exception: Unknown database 'db_wanderis_animal_feed_ms' in C:\\xampp\\htdocs\\_projects\\Wanderis_Animal_Feed_MS\\src\\include\\functions.php:9\nStack trace:\n#0 C:\\xampp\\htdocs\\_projects\\Wanderis_Animal_Feed_MS\\src\\include\\functions.php(9): mysqli_connect('localhost', 'root', '', 'db_wanderis_ani...')\n#1 C:\\xampp\\htdocs\\_projects\\Wanderis_Animal_Feed_MS\\index.php(2): include_once('C:\\\\xampp\\\\htdocs...')\n#2 {main}\n  thrown in C:\\xampp\\htdocs\\_projects\\Wanderis_Animal_Feed_MS\\src\\include\\functions.php on line 9
[Thu Oct 06 22:08:18.235944 2022] [php:warn] [pid 4844:tid 1884] [client ::1:50637] PHP Warning:  Undefined array key "update_id" in C:\\xampp\\htdocs\\_projects\\Wanderis_Animal_Feed_MS\\src\\_products.php on line 74, referer: https://localhost/_projects/Wanderis_Animal_Feed_MS/src/sell.php?update_id=4&sell=
[Thu Oct 06 23:50:07.518395 2022] [ssl:warn] [pid 10336:tid 408] AH01909: www.example.com:443:0 server certificate does NOT include an ID which matches the server name
[Thu Oct 06 23:50:07.593348 2022] [core:warn] [pid 10336:tid 408] AH00098: pid file C:/xampp/apache/logs/httpd.pid overwritten -- Unclean shutdown of previous Apache run?
[Thu Oct 06 23:50:07.596347 2022] [ssl:warn] [pid 10336:tid 408] AH01909: www.example.com:443:0 server certificate does NOT include an ID which matches the server name
[Thu Oct 06 23:50:07.653311 2022] [mpm_winnt:notice] [pid 10336:tid 408] AH00455: Apache/2.4.53 (Win64) OpenSSL/1.1.1n PHP/8.1.6 configured -- resuming normal operations
[Thu Oct 06 23:50:07.653311 2022] [mpm_winnt:notice] [pid 10336:tid 408] AH00456: Apache Lounge VS16 Server built: Mar 16 2022 11:26:15
[Thu Oct 06 23:50:07.653311 2022] [core:notice] [pid 10336:tid 408] AH00094: Command line: 'c:\\xampp\\apache\\bin\\httpd.exe -d C:/xampp/apache'
[Thu Oct 06 23:50:07.655309 2022] [mpm_winnt:notice] [pid 10336:tid 408] AH00418: Parent: Created child process 3316
[Thu Oct 06 23:50:08.163994 2022] [ssl:warn] [pid 3316:tid 396] AH01909: www.example.com:443:0 server certificate does NOT include an ID which matches the server name
[Thu Oct 06 23:50:08.229954 2022] [ssl:warn] [pid 3316:tid 396] AH01909: www.example.com:443:0 server certificate does NOT include an ID which matches the server name
[Thu Oct 06 23:50:08.274923 2022] [mpm_winnt:notice] [pid 3316:tid 396] AH00354: Child: Starting 150 worker threads.
[Fri Oct 07 00:55:11.020729 2022] [ssl:warn] [pid 1908:tid 384] AH01909: www.example.com:443:0 server certificate does NOT include an ID which matches the server name
[Fri Oct 07 00:55:11.380109 2022] [core:warn] [pid 1908:tid 384] AH00098: pid file C:/xampp/apache/logs/httpd.pid overwritten -- Unclean shutdown of previous Apache run?
[Fri Oct 07 00:55:11.380109 2022] [ssl:warn] [pid 1908:tid 384] AH01909: www.example.com:443:0 server certificate does NOT include an ID which matches the server name
[Fri Oct 07 00:55:11.426964 2022] [mpm_winnt:notice] [pid 1908:tid 384] AH00455: Apache/2.4.53 (Win64) OpenSSL/1.1.1n PHP/8.1.6 configured -- resuming normal operations
[Fri Oct 07 00:55:11.426964 2022] [mpm_winnt:notice] [pid 1908:tid 384] AH00456: Apache Lounge VS16 Server built: Mar 16 2022 11:26:15
[Fri Oct 07 00:55:11.426964 2022] [core:notice] [pid 1908:tid 384] AH00094: Command line: 'c:\\xampp\\apache\\bin\\httpd.exe -d C:/xampp/apache'
[Fri Oct 07 00:55:11.442592 2022] [mpm_winnt:notice] [pid 1908:tid 384] AH00418: Parent: Created child process 4092
[Fri Oct 07 00:55:12.223808 2022] [ssl:warn] [pid 4092:tid 388] AH01909: www.example.com:443:0 server certificate does NOT include an ID which matches the server name
[Fri Oct 07 00:55:12.301943 2022] [ssl:warn] [pid 4092:tid 388] AH01909: www.example.com:443:0 server certificate does NOT include an ID which matches the server name
[Fri Oct 07 00:55:12.348803 2022] [mpm_winnt:notice] [pid 4092:tid 388] AH00354: Child: Starting 150 worker threads.
[Fri Oct 07 04:22:45.495861 2022] [ssl:warn] [pid 7876:tid 412] AH01909: www.example.com:443:0 server certificate does NOT include an ID which matches the server name
[Fri Oct 07 04:22:45.714601 2022] [core:warn] [pid 7876:tid 412] AH00098: pid file C:/xampp/apache/logs/httpd.pid overwritten -- Unclean shutdown of previous Apache run?
[Fri Oct 07 04:22:45.761474 2022] [ssl:warn] [pid 7876:tid 412] AH01909: www.example.com:443:0 server certificate does NOT include an ID which matches the server name
[Fri Oct 07 04:22:47.906787 2022] [mpm_winnt:notice] [pid 7876:tid 412] AH00455: Apache/2.4.53 (Win64) OpenSSL/1.1.1n PHP/8.1.6 configured -- resuming normal operations
[Fri Oct 07 04:22:47.906787 2022] [mpm_winnt:notice] [pid 7876:tid 412] AH00456: Apache Lounge VS16 Server built: Mar 16 2022 11:26:15
[Fri Oct 07 04:22:47.906787 2022] [core:notice] [pid 7876:tid 412] AH00094: Command line: 'c:\\xampp\\apache\\bin\\httpd.exe -d C:/xampp/apache'
[Fri Oct 07 04:22:47.923045 2022] [mpm_winnt:notice] [pid 7876:tid 412] AH00418: Parent: Created child process 3776
[Fri Oct 07 04:22:48.609879 2022] [ssl:warn] [pid 3776:tid 408] AH01909: www.example.com:443:0 server certificate does NOT include an ID which matches the server name
[Fri Oct 07 04:22:48.703591 2022] [ssl:warn] [pid 3776:tid 408] AH01909: www.example.com:443:0 server certificate does NOT include an ID which matches the server name
[Fri Oct 07 04:22:48.750462 2022] [mpm_winnt:notice] [pid 3776:tid 408] AH00354: Child: Starting 150 worker threads.
[Fri Oct 07 04:55:02.360563 2022] [ssl:warn] [pid 8032:tid 416] AH01909: www.example.com:443:0 server certificate does NOT include an ID which matches the server name
[Fri Oct 07 04:55:02.673051 2022] [core:warn] [pid 8032:tid 416] AH00098: pid file C:/xampp/apache/logs/httpd.pid overwritten -- Unclean shutdown of previous Apache run?
[Fri Oct 07 04:55:02.688676 2022] [ssl:warn] [pid 8032:tid 416] AH01909: www.example.com:443:0 server certificate does NOT include an ID which matches the server name
[Fri Oct 07 04:55:02.911934 2022] [mpm_winnt:notice] [pid 8032:tid 416] AH00455: Apache/2.4.53 (Win64) OpenSSL/1.1.1n PHP/8.1.6 configured -- resuming normal operations
[Fri Oct 07 04:55:02.911934 2022] [mpm_winnt:notice] [pid 8032:tid 416] AH00456: Apache Lounge VS16 Server built: Mar 16 2022 11:26:15
[Fri Oct 07 04:55:02.911934 2022] [core:notice] [pid 8032:tid 416] AH00094: Command line: 'c:\\xampp\\apache\\bin\\httpd.exe -d C:/xampp/apache'
[Fri Oct 07 04:55:02.965365 2022] [mpm_winnt:notice] [pid 8032:tid 416] AH00418: Parent: Created child process 8640
[Fri Oct 07 04:55:04.612490 2022] [ssl:warn] [pid 8640:tid 444] AH01909: www.example.com:443:0 server certificate does NOT include an ID which matches the server name
[Fri Oct 07 04:55:04.749164 2022] [ssl:warn] [pid 8640:tid 444] AH01909: www.example.com:443:0 server certificate does NOT include an ID which matches the server name
[Fri Oct 07 04:55:04.949922 2022] [mpm_winnt:notice] [pid 8640:tid 444] AH00354: Child: Starting 150 worker threads.
[Fri Oct 07 04:59:36.615615 2022] [php:warn] [pid 8640:tid 1832] [client ::1:49792] PHP Warning:  Undefined array key "update_id" in C:\\xampp\\htdocs\\_projects\\Wanderis_Animal_Feed_MS\\src\\_products.php on line 74, referer: https://localhost/_projects/Wanderis_Animal_Feed_MS/src/sell.php?update_id=4&sell=
[Fri Oct 07 05:00:04.972032 2022] [php:warn] [pid 8640:tid 1820] [client ::1:49810] PHP Warning:  Undefined array key "update_id" in C:\\xampp\\htdocs\\_projects\\Wanderis_Animal_Feed_MS\\src\\_users.php on line 15, referer: https://localhost/_projects/Wanderis_Animal_Feed_MS/src/update_user.php
[Fri Oct 07 05:12:12.387455 2022] [php:warn] [pid 8640:tid 1832] [client ::1:49883] PHP Warning:  Undefined array key "update_id" in C:\\xampp\\htdocs\\_projects\\Wanderis_Animal_Feed_MS\\src\\_users.php on line 15, referer: https://localhost/_projects/Wanderis_Animal_Feed_MS/src/update_user.php
[Fri Oct 07 05:12:49.700585 2022] [php:warn] [pid 8640:tid 1832] [client ::1:49898] PHP Warning:  Undefined array key "update_id" in C:\\xampp\\htdocs\\_projects\\Wanderis_Animal_Feed_MS\\src\\_products.php on line 74, referer: https://localhost/_projects/Wanderis_Animal_Feed_MS/src/sell.php?update_id=4&sell=
[Fri Oct 07 05:30:36.914450 2022] [php:warn] [pid 8640:tid 1844] [client ::1:50003] PHP Warning:  Undefined array key "update_id" in C:\\xampp\\htdocs\\_projects\\Wanderis_Animal_Feed_MS\\src\\_products.php on line 74, referer: https://localhost/_projects/Wanderis_Animal_Feed_MS/src/sell.php?update_id=4&sell=
[Fri Oct 07 05:30:37.191783 2022] [php:warn] [pid 8640:tid 1832] [client ::1:50007] PHP Warning:  Undefined array key "update_id" in C:\\xampp\\htdocs\\_projects\\Wanderis_Animal_Feed_MS\\src\\_products.php on line 74, referer: https://localhost/_projects/Wanderis_Animal_Feed_MS/src/sell.php?update_id=4&sell=
[Tue Oct 11 03:06:26.420660 2022] [ssl:warn] [pid 2704:tid 404] AH01909: www.example.com:443:0 server certificate does NOT include an ID which matches the server name
[Tue Oct 11 03:06:26.516400 2022] [core:warn] [pid 2704:tid 404] AH00098: pid file C:/xampp/apache/logs/httpd.pid overwritten -- Unclean shutdown of previous Apache run?
[Tue Oct 11 03:06:26.519398 2022] [ssl:warn] [pid 2704:tid 404] AH01909: www.example.com:443:0 server certificate does NOT include an ID which matches the server name
[Tue Oct 11 03:06:26.573365 2022] [mpm_winnt:notice] [pid 2704:tid 404] AH00455: Apache/2.4.53 (Win64) OpenSSL/1.1.1n PHP/8.1.6 configured -- resuming normal operations
[Tue Oct 11 03:06:26.574365 2022] [mpm_winnt:notice] [pid 2704:tid 404] AH00456: Apache Lounge VS16 Server built: Mar 16 2022 11:26:15
[Tue Oct 11 03:06:26.574365 2022] [core:notice] [pid 2704:tid 404] AH00094: Command line: 'c:\\xampp\\apache\\bin\\httpd.exe -d C:/xampp/apache'
[Tue Oct 11 03:06:26.575364 2022] [mpm_winnt:notice] [pid 2704:tid 404] AH00418: Parent: Created child process 5540
[Tue Oct 11 03:06:27.351351 2022] [ssl:warn] [pid 5540:tid 420] AH01909: www.example.com:443:0 server certificate does NOT include an ID which matches the server name
[Tue Oct 11 03:06:27.426308 2022] [ssl:warn] [pid 5540:tid 420] AH01909: www.example.com:443:0 server certificate does NOT include an ID which matches the server name
[Tue Oct 11 03:06:27.472280 2022] [mpm_winnt:notice] [pid 5540:tid 420] AH00354: Child: Starting 150 worker threads.
[Tue Oct 11 03:10:00.875743 2022] [php:warn] [pid 5540:tid 1828] [client ::1:50512] PHP Warning:  Undefined array key "update_id" in C:\\xampp\\htdocs\\_projects\\Wanderis_Animal_Feed_MS\\src\\_products.php on line 74, referer: https://localhost/_projects/Wanderis_Animal_Feed_MS/src/sell.php?update_id=10&sell=
[Tue Oct 11 07:18:40.278566 2022] [ssl:warn] [pid 8888:tid 404] AH01909: www.example.com:443:0 server certificate does NOT include an ID which matches the server name
[Tue Oct 11 07:18:40.481722 2022] [core:warn] [pid 8888:tid 404] AH00098: pid file C:/xampp/apache/logs/httpd.pid overwritten -- Unclean shutdown of previous Apache run?
[Tue Oct 11 07:18:40.575468 2022] [ssl:warn] [pid 8888:tid 404] AH01909: www.example.com:443:0 server certificate does NOT include an ID which matches the server name
[Tue Oct 11 07:18:40.622307 2022] [mpm_winnt:notice] [pid 8888:tid 404] AH00455: Apache/2.4.53 (Win64) OpenSSL/1.1.1n PHP/8.1.6 configured -- resuming normal operations
[Tue Oct 11 07:18:40.622307 2022] [mpm_winnt:notice] [pid 8888:tid 404] AH00456: Apache Lounge VS16 Server built: Mar 16 2022 11:26:15
[Tue Oct 11 07:18:40.622307 2022] [core:notice] [pid 8888:tid 404] AH00094: Command line: 'c:\\xampp\\apache\\bin\\httpd.exe -d C:/xampp/apache'
[Tue Oct 11 07:18:40.637929 2022] [mpm_winnt:notice] [pid 8888:tid 404] AH00418: Parent: Created child process 4792
[Tue Oct 11 07:18:41.341075 2022] [ssl:warn] [pid 4792:tid 424] AH01909: www.example.com:443:0 server certificate does NOT include an ID which matches the server name
[Tue Oct 11 07:18:41.575440 2022] [ssl:warn] [pid 4792:tid 424] AH01909: www.example.com:443:0 server certificate does NOT include an ID which matches the server name
[Tue Oct 11 07:18:41.825390 2022] [mpm_winnt:notice] [pid 4792:tid 424] AH00354: Child: Starting 150 worker threads.
[Tue Oct 11 10:18:22.651618 2022] [ssl:warn] [pid 8120:tid 408] AH01909: www.example.com:443:0 server certificate does NOT include an ID which matches the server name
[Tue Oct 11 10:18:23.136966 2022] [core:warn] [pid 8120:tid 408] AH00098: pid file C:/xampp/apache/logs/httpd.pid overwritten -- Unclean shutdown of previous Apache run?
[Tue Oct 11 10:18:23.176963 2022] [ssl:warn] [pid 8120:tid 408] AH01909: www.example.com:443:0 server certificate does NOT include an ID which matches the server name
[Tue Oct 11 10:18:23.240957 2022] [mpm_winnt:notice] [pid 8120:tid 408] AH00455: Apache/2.4.53 (Win64) OpenSSL/1.1.1n PHP/8.1.6 configured -- resuming normal operations
[Tue Oct 11 10:18:23.240957 2022] [mpm_winnt:notice] [pid 8120:tid 408] AH00456: Apache Lounge VS16 Server built: Mar 16 2022 11:26:15
[Tue Oct 11 10:18:23.240957 2022] [core:notice] [pid 8120:tid 408] AH00094: Command line: 'c:\\xampp\\apache\\bin\\httpd.exe -d C:/xampp/apache'
[Tue Oct 11 10:18:23.240957 2022] [mpm_winnt:notice] [pid 8120:tid 408] AH00418: Parent: Created child process 6916
[Tue Oct 11 10:18:23.952939 2022] [ssl:warn] [pid 6916:tid 408] AH01909: www.example.com:443:0 server certificate does NOT include an ID which matches the server name
[Tue Oct 11 10:18:24.093852 2022] [ssl:warn] [pid 6916:tid 408] AH01909: www.example.com:443:0 server certificate does NOT include an ID which matches the server name
[Tue Oct 11 10:18:24.309523 2022] [mpm_winnt:notice] [pid 6916:tid 408] AH00354: Child: Starting 150 worker threads.
[Tue Oct 11 11:17:19.972197 2022] [ssl:warn] [pid 1336:tid 440] AH01909: www.example.com:443:0 server certificate does NOT include an ID which matches the server name
[Tue Oct 11 11:17:20.133096 2022] [core:warn] [pid 1336:tid 440] AH00098: pid file C:/xampp/apache/logs/httpd.pid overwritten -- Unclean shutdown of previous Apache run?
[Tue Oct 11 11:17:20.180066 2022] [ssl:warn] [pid 1336:tid 440] AH01909: www.example.com:443:0 server certificate does NOT include an ID which matches the server name
[Tue Oct 11 11:17:20.267013 2022] [mpm_winnt:notice] [pid 1336:tid 440] AH00455: Apache/2.4.53 (Win64) OpenSSL/1.1.1n PHP/8.1.6 configured -- resuming normal operations
[Tue Oct 11 11:17:20.267013 2022] [mpm_winnt:notice] [pid 1336:tid 440] AH00456: Apache Lounge VS16 Server built: Mar 16 2022 11:26:15
[Tue Oct 11 11:17:20.267013 2022] [core:notice] [pid 1336:tid 440] AH00094: Command line: 'c:\\xampp\\apache\\bin\\httpd.exe -d C:/xampp/apache'
[Tue Oct 11 11:17:20.285003 2022] [mpm_winnt:notice] [pid 1336:tid 440] AH00418: Parent: Created child process 6568
[Tue Oct 11 11:17:20.981045 2022] [ssl:warn] [pid 6568:tid 408] AH01909: www.example.com:443:0 server certificate does NOT include an ID which matches the server name
[Tue Oct 11 11:17:21.107262 2022] [ssl:warn] [pid 6568:tid 408] AH01909: www.example.com:443:0 server certificate does NOT include an ID which matches the server name
[Tue Oct 11 11:17:21.225268 2022] [mpm_winnt:notice] [pid 6568:tid 408] AH00354: Child: Starting 150 worker threads.
[Tue Oct 11 11:23:48.428736 2022] [php:warn] [pid 6568:tid 1832] [client ::1:50993] PHP Warning:  Undefined array key "update_id" in C:\\xampp\\htdocs\\_projects\\Wanderis_Animal_Feed_MS\\src\\_products.php on line 74, referer: https://localhost/_projects/Wanderis_Animal_Feed_MS/src/sell.php?update_id=4&sell=
[Tue Oct 11 11:27:47.257776 2022] [php:warn] [pid 6568:tid 1856] [client ::1:51045] PHP Warning:  Undefined array key "update_id" in C:\\xampp\\htdocs\\_projects\\Wanderis_Animal_Feed_MS\\src\\_products.php on line 74, referer: https://localhost/_projects/Wanderis_Animal_Feed_MS/src/sell.php?update_id=15&sell=
[Tue Oct 11 12:35:28.476944 2022] [php:warn] [pid 6568:tid 1852] [client ::1:51098] PHP Warning:  Undefined array key "update_id" in C:\\xampp\\htdocs\\_projects\\Wanderis_Animal_Feed_MS\\src\\_products.php on line 74, referer: https://localhost/_projects/Wanderis_Animal_Feed_MS/src/sell.php?update_id=4&sell=
[Wed Oct 12 14:19:19.026184 2022] [ssl:warn] [pid 3928:tid 416] AH01909: www.example.com:443:0 server certificate does NOT include an ID which matches the server name
[Wed Oct 12 14:19:19.151231 2022] [core:warn] [pid 3928:tid 416] AH00098: pid file C:/xampp/apache/logs/httpd.pid overwritten -- Unclean shutdown of previous Apache run?
[Wed Oct 12 14:19:19.166820 2022] [ssl:warn] [pid 3928:tid 416] AH01909: www.example.com:443:0 server certificate does NOT include an ID which matches the server name
[Wed Oct 12 14:19:19.260552 2022] [mpm_winnt:notice] [pid 3928:tid 416] AH00455: Apache/2.4.53 (Win64) OpenSSL/1.1.1n PHP/8.1.6 configured -- resuming normal operations
[Wed Oct 12 14:19:19.260552 2022] [mpm_winnt:notice] [pid 3928:tid 416] AH00456: Apache Lounge VS16 Server built: Mar 16 2022 11:26:15
[Wed Oct 12 14:19:19.260552 2022] [core:notice] [pid 3928:tid 416] AH00094: Command line: 'c:\\xampp\\apache\\bin\\httpd.exe -d C:/xampp/apache'
[Wed Oct 12 14:19:19.260552 2022] [mpm_winnt:notice] [pid 3928:tid 416] AH00418: Parent: Created child process 32
[Wed Oct 12 14:19:20.013431 2022] [ssl:warn] [pid 32:tid 428] AH01909: www.example.com:443:0 server certificate does NOT include an ID which matches the server name
[Wed Oct 12 14:19:20.107156 2022] [ssl:warn] [pid 32:tid 428] AH01909: www.example.com:443:0 server certificate does NOT include an ID which matches the server name
[Wed Oct 12 14:19:20.232135 2022] [mpm_winnt:notice] [pid 32:tid 428] AH00354: Child: Starting 150 worker threads.
[Wed Oct 12 14:21:33.998434 2022] [php:warn] [pid 32:tid 1820] [client ::1:51236] PHP Warning:  Undefined array key "update_id" in C:\\xampp\\htdocs\\_projects\\Wanderis_Animal_Feed_MS\\src\\_products.php on line 74, referer: https://localhost/_projects/Wanderis_Animal_Feed_MS/src/sell.php?update_id=4&sell=
[Wed Oct 12 14:22:35.860290 2022] [php:warn] [pid 32:tid 1848] [client ::1:51255] PHP Warning:  Undefined array key "update_id" in C:\\xampp\\htdocs\\_projects\\Wanderis_Animal_Feed_MS\\src\\_products.php on line 74, referer: https://localhost/_projects/Wanderis_Animal_Feed_MS/src/sell.php?update_id=17&sell=
[Fri Oct 14 17:01:29.034300 2022] [ssl:warn] [pid 8260:tid 416] AH01909: www.example.com:443:0 server certificate does NOT include an ID which matches the server name
[Fri Oct 14 17:01:29.270206 2022] [core:warn] [pid 8260:tid 416] AH00098: pid file C:/xampp/apache/logs/httpd.pid overwritten -- Unclean shutdown of previous Apache run?
[Fri Oct 14 17:01:29.283198 2022] [ssl:warn] [pid 8260:tid 416] AH01909: www.example.com:443:0 server certificate does NOT include an ID which matches the server name
[Fri Oct 14 17:01:29.470080 2022] [mpm_winnt:notice] [pid 8260:tid 416] AH00455: Apache/2.4.53 (Win64) OpenSSL/1.1.1n PHP/8.1.6 configured -- resuming normal operations
[Fri Oct 14 17:01:29.470080 2022] [mpm_winnt:notice] [pid 8260:tid 416] AH00456: Apache Lounge VS16 Server built: Mar 16 2022 11:26:15
[Fri Oct 14 17:01:29.470080 2022] [core:notice] [pid 8260:tid 416] AH00094: Command line: 'c:\\xampp\\apache\\bin\\httpd.exe -d C:/xampp/apache'
[Fri Oct 14 17:01:29.472080 2022] [mpm_winnt:notice] [pid 8260:tid 416] AH00418: Parent: Created child process 8528
[Fri Oct 14 17:01:30.236636 2022] [ssl:warn] [pid 8528:tid 468] AH01909: www.example.com:443:0 server certificate does NOT include an ID which matches the server name
[Fri Oct 14 17:01:30.327125 2022] [ssl:warn] [pid 8528:tid 468] AH01909: www.example.com:443:0 server certificate does NOT include an ID which matches the server name
[Fri Oct 14 17:01:30.470018 2022] [mpm_winnt:notice] [pid 8528:tid 468] AH00354: Child: Starting 150 worker threads.
[Sat Nov 12 21:16:30.390645 2022] [ssl:warn] [pid 6916:tid 404] AH01909: www.example.com:443:0 server certificate does NOT include an ID which matches the server name
[Sat Nov 12 21:16:30.702089 2022] [core:warn] [pid 6916:tid 404] AH00098: pid file C:/xampp/apache/logs/httpd.pid overwritten -- Unclean shutdown of previous Apache run?
[Sat Nov 12 21:16:30.722076 2022] [ssl:warn] [pid 6916:tid 404] AH01909: www.example.com:443:0 server certificate does NOT include an ID which matches the server name
[Sat Nov 12 21:16:33.210357 2022] [mpm_winnt:notice] [pid 6916:tid 404] AH00455: Apache/2.4.53 (Win64) OpenSSL/1.1.1n PHP/8.1.6 configured -- resuming normal operations
[Sat Nov 12 21:16:33.210357 2022] [mpm_winnt:notice] [pid 6916:tid 404] AH00456: Apache Lounge VS16 Server built: Mar 16 2022 11:26:15
[Sat Nov 12 21:16:33.210357 2022] [core:notice] [pid 6916:tid 404] AH00094: Command line: 'c:\\xampp\\apache\\bin\\httpd.exe -d C:/xampp/apache'
[Sat Nov 12 21:16:33.288256 2022] [mpm_winnt:notice] [pid 6916:tid 404] AH00418: Parent: Created child process 4728
[Sat Nov 12 21:16:33.937493 2022] [ssl:warn] [pid 4728:tid 408] AH01909: www.example.com:443:0 server certificate does NOT include an ID which matches the server name
[Sat Nov 12 21:16:34.121106 2022] [ssl:warn] [pid 4728:tid 408] AH01909: www.example.com:443:0 server certificate does NOT include an ID which matches the server name
[Sat Nov 12 21:16:34.281522 2022] [mpm_winnt:notice] [pid 4728:tid 408] AH00354: Child: Starting 150 worker threads.
[Sat Nov 12 21:20:42.251105 2022] [php:warn] [pid 4728:tid 1864] [client ::1:59830] PHP Warning:  Undefined array key "update_id" in C:\\xampp\\htdocs\\_projects\\Wanderis_Animal_Feed_MS\\src\\_products.php on line 74, referer: https://localhost/_projects/Wanderis_Animal_Feed_MS/src/sell.php?update_id=4&sell=
[Fri Nov 18 02:42:18.007350 2022] [ssl:warn] [pid 1428:tid 408] AH01909: www.example.com:443:0 server certificate does NOT include an ID which matches the server name
[Fri Nov 18 02:42:18.159437 2022] [core:warn] [pid 1428:tid 408] AH00098: pid file C:/xampp/apache/logs/httpd.pid overwritten -- Unclean shutdown of previous Apache run?
[Fri Nov 18 02:42:18.174431 2022] [ssl:warn] [pid 1428:tid 408] AH01909: www.example.com:443:0 server certificate does NOT include an ID which matches the server name
[Fri Nov 18 02:42:19.841880 2022] [mpm_winnt:notice] [pid 1428:tid 408] AH00455: Apache/2.4.53 (Win64) OpenSSL/1.1.1n PHP/8.1.6 configured -- resuming normal operations
[Fri Nov 18 02:42:19.841880 2022] [mpm_winnt:notice] [pid 1428:tid 408] AH00456: Apache Lounge VS16 Server built: Mar 16 2022 11:26:15
[Fri Nov 18 02:42:19.841880 2022] [core:notice] [pid 1428:tid 408] AH00094: Command line: 'c:\\xampp\\apache\\bin\\httpd.exe -d C:/xampp/apache'
[Fri Nov 18 02:42:19.845876 2022] [mpm_winnt:notice] [pid 1428:tid 408] AH00418: Parent: Created child process 3804
[Fri Nov 18 02:42:20.374897 2022] [ssl:warn] [pid 3804:tid 408] AH01909: www.example.com:443:0 server certificate does NOT include an ID which matches the server name
[Fri Nov 18 02:42:20.485502 2022] [ssl:warn] [pid 3804:tid 408] AH01909: www.example.com:443:0 server certificate does NOT include an ID which matches the server name
[Fri Nov 18 02:42:20.594434 2022] [mpm_winnt:notice] [pid 3804:tid 408] AH00354: Child: Starting 150 worker threads.
[Mon Jun 10 17:05:40.368813 2024] [ssl:warn] [pid 5684:tid 424] AH01909: www.example.com:443:0 server certificate does NOT include an ID which matches the server name
[Mon Jun 10 17:05:41.137214 2024] [core:warn] [pid 5684:tid 424] AH00098: pid file C:/xampp/apache/logs/httpd.pid overwritten -- Unclean shutdown of previous Apache run?
[Mon Jun 10 17:05:41.141215 2024] [ssl:warn] [pid 5684:tid 424] AH01909: www.example.com:443:0 server certificate does NOT include an ID which matches the server name
[Mon Jun 10 17:05:43.679676 2024] [mpm_winnt:notice] [pid 5684:tid 424] AH00455: Apache/2.4.53 (Win64) OpenSSL/1.1.1n PHP/8.1.6 configured -- resuming normal operations
[Mon Jun 10 17:05:43.679676 2024] [mpm_winnt:notice] [pid 5684:tid 424] AH00456: Apache Lounge VS16 Server built: Mar 16 2022 11:26:15
[Mon Jun 10 17:05:43.679676 2024] [core:notice] [pid 5684:tid 424] AH00094: Command line: 'c:\\xampp\\apache\\bin\\httpd.exe -d C:/xampp/apache'
[Mon Jun 10 17:05:43.684672 2024] [mpm_winnt:notice] [pid 5684:tid 424] AH00418: Parent: Created child process 9424
[Mon Jun 10 17:05:44.281259 2024] [ssl:warn] [pid 9424:tid 416] AH01909: www.example.com:443:0 server certificate does NOT include an ID which matches the server name
[Mon Jun 10 17:05:44.416487 2024] [ssl:warn] [pid 9424:tid 416] AH01909: www.example.com:443:0 server certificate does NOT include an ID which matches the server name
[Mon Jun 10 17:05:44.506455 2024] [mpm_winnt:notice] [pid 9424:tid 416] AH00354: Child: Starting 150 worker threads.
