2022-10-06 21:34:58 0 [Note] InnoDB: Mutexes and rw_locks use Windows interlocked functions
2022-10-06 21:34:58 0 [Note] InnoDB: Uses event mutexes
2022-10-06 21:34:58 0 [Note] InnoDB: Compressed tables use zlib 1.2.11
2022-10-06 21:34:58 0 [Note] InnoDB: Number of pools: 1
2022-10-06 21:34:58 0 [Note] InnoDB: Using SSE2 crc32 instructions
2022-10-06 21:34:58 0 [Note] InnoDB: Initializing buffer pool, total size = 16M, instances = 1, chunk size = 16M
2022-10-06 21:34:58 0 [Note] InnoDB: Completed initialization of buffer pool
2022-10-06 21:34:58 0 [Note] InnoDB: Starting crash recovery from checkpoint LSN=300288
2022-10-06 21:34:59 0 [Note] InnoDB: 128 out of 128 rollback segments are active.
2022-10-06 21:34:59 0 [Note] InnoDB: Removed temporary tablespace data file: "ibtmp1"
2022-10-06 21:34:59 0 [Note] InnoDB: Creating shared tablespace for temporary tables
2022-10-06 21:34:59 0 [Note] InnoDB: Setting file 'C:\xampp\mysql\data\ibtmp1' size to 12 MB. Physically writing the file full; Please wait ...
2022-10-06 21:34:59 0 [Note] InnoDB: File 'C:\xampp\mysql\data\ibtmp1' size is now 12 MB.
2022-10-06 21:34:59 0 [Note] InnoDB: Waiting for purge to start
2022-10-06 21:34:59 0 [Note] InnoDB: 10.4.24 started; log sequence number 300297; transaction id 170
2022-10-06 21:34:59 0 [Note] InnoDB: Loading buffer pool(s) from C:\xampp\mysql\data\ib_buffer_pool
2022-10-06 21:34:59 0 [Note] Plugin 'FEEDBACK' is disabled.
2022-10-06 21:34:59 0 [Note] InnoDB: Buffer pool(s) load completed at 221006 21:34:59
2022-10-06 21:34:59 0 [Note] Server socket created on IP: '::'.
2022-10-06 23:50:16 0 [Note] InnoDB: Mutexes and rw_locks use Windows interlocked functions
2022-10-06 23:50:16 0 [Note] InnoDB: Uses event mutexes
2022-10-06 23:50:16 0 [Note] InnoDB: Compressed tables use zlib 1.2.11
2022-10-06 23:50:16 0 [Note] InnoDB: Number of pools: 1
2022-10-06 23:50:16 0 [Note] InnoDB: Using SSE2 crc32 instructions
2022-10-06 23:50:16 0 [Note] InnoDB: Initializing buffer pool, total size = 16M, instances = 1, chunk size = 16M
2022-10-06 23:50:16 0 [Note] InnoDB: Completed initialization of buffer pool
2022-10-06 23:50:16 0 [Note] InnoDB: Starting crash recovery from checkpoint LSN=524194
2022-10-06 23:50:16 0 [Note] InnoDB: 128 out of 128 rollback segments are active.
2022-10-06 23:50:16 0 [Note] InnoDB: Removed temporary tablespace data file: "ibtmp1"
2022-10-06 23:50:16 0 [Note] InnoDB: Creating shared tablespace for temporary tables
2022-10-06 23:50:16 0 [Note] InnoDB: Setting file 'C:\xampp\mysql\data\ibtmp1' size to 12 MB. Physically writing the file full; Please wait ...
2022-10-06 23:50:16 0 [Note] InnoDB: File 'C:\xampp\mysql\data\ibtmp1' size is now 12 MB.
2022-10-06 23:50:16 0 [Note] InnoDB: Waiting for purge to start
2022-10-06 23:50:16 0 [Note] InnoDB: 10.4.24 started; log sequence number 524203; transaction id 392
2022-10-06 23:50:16 0 [Note] InnoDB: Loading buffer pool(s) from C:\xampp\mysql\data\ib_buffer_pool
2022-10-06 23:50:16 0 [Note] Plugin 'FEEDBACK' is disabled.
2022-10-06 23:50:17 0 [Note] Server socket created on IP: '::'.
2022-10-07  0:55:11 0 [Note] InnoDB: Mutexes and rw_locks use Windows interlocked functions
2022-10-07  0:55:11 0 [Note] InnoDB: Uses event mutexes
2022-10-07  0:55:11 0 [Note] InnoDB: Compressed tables use zlib 1.2.11
2022-10-07  0:55:11 0 [Note] InnoDB: Number of pools: 1
2022-10-07  0:55:11 0 [Note] InnoDB: Using SSE2 crc32 instructions
2022-10-07  0:55:11 0 [Note] InnoDB: Initializing buffer pool, total size = 16M, instances = 1, chunk size = 16M
2022-10-07  0:55:11 0 [Note] InnoDB: Completed initialization of buffer pool
2022-10-07  0:55:11 0 [Note] InnoDB: Starting crash recovery from checkpoint LSN=524212
2022-10-07  0:55:11 0 [Note] InnoDB: 128 out of 128 rollback segments are active.
2022-10-07  0:55:11 0 [Note] InnoDB: Removed temporary tablespace data file: "ibtmp1"
2022-10-07  0:55:11 0 [Note] InnoDB: Creating shared tablespace for temporary tables
2022-10-07  0:55:11 0 [Note] InnoDB: Setting file 'C:\xampp\mysql\data\ibtmp1' size to 12 MB. Physically writing the file full; Please wait ...
2022-10-07  0:55:11 0 [Note] InnoDB: File 'C:\xampp\mysql\data\ibtmp1' size is now 12 MB.
2022-10-07  0:55:11 0 [Note] InnoDB: Waiting for purge to start
2022-10-07  0:55:11 0 [Note] InnoDB: 10.4.24 started; log sequence number 524221; transaction id 392
2022-10-07  0:55:11 0 [Note] InnoDB: Loading buffer pool(s) from C:\xampp\mysql\data\ib_buffer_pool
2022-10-07  0:55:11 0 [Note] Plugin 'FEEDBACK' is disabled.
2022-10-07  0:55:11 0 [Note] Server socket created on IP: '::'.
2022-10-07  4:22:42 0 [Note] InnoDB: Mutexes and rw_locks use Windows interlocked functions
2022-10-07  4:22:42 0 [Note] InnoDB: Uses event mutexes
2022-10-07  4:22:42 0 [Note] InnoDB: Compressed tables use zlib 1.2.11
2022-10-07  4:22:42 0 [Note] InnoDB: Number of pools: 1
2022-10-07  4:22:42 0 [Note] InnoDB: Using SSE2 crc32 instructions
2022-10-07  4:22:42 0 [Note] InnoDB: Initializing buffer pool, total size = 16M, instances = 1, chunk size = 16M
2022-10-07  4:22:42 0 [Note] InnoDB: Completed initialization of buffer pool
2022-10-07  4:22:43 0 [Note] InnoDB: Starting crash recovery from checkpoint LSN=526639
2022-10-07  4:22:45 0 [Note] InnoDB: 128 out of 128 rollback segments are active.
2022-10-07  4:22:45 0 [Note] InnoDB: Removed temporary tablespace data file: "ibtmp1"
2022-10-07  4:22:45 0 [Note] InnoDB: Creating shared tablespace for temporary tables
2022-10-07  4:22:45 0 [Note] InnoDB: Setting file 'C:\xampp\mysql\data\ibtmp1' size to 12 MB. Physically writing the file full; Please wait ...
2022-10-07  4:22:45 0 [Note] InnoDB: File 'C:\xampp\mysql\data\ibtmp1' size is now 12 MB.
2022-10-07  4:22:45 0 [Note] InnoDB: Waiting for purge to start
2022-10-07  4:22:45 0 [Note] InnoDB: 10.4.24 started; log sequence number 526648; transaction id 426
2022-10-07  4:22:45 0 [Note] InnoDB: Loading buffer pool(s) from C:\xampp\mysql\data\ib_buffer_pool
2022-10-07  4:22:45 0 [Note] Plugin 'FEEDBACK' is disabled.
2022-10-07  4:22:45 0 [Note] Server socket created on IP: '::'.
2022-10-07  4:55:02 0 [Note] InnoDB: Mutexes and rw_locks use Windows interlocked functions
2022-10-07  4:55:02 0 [Note] InnoDB: Uses event mutexes
2022-10-07  4:55:02 0 [Note] InnoDB: Compressed tables use zlib 1.2.11
2022-10-07  4:55:02 0 [Note] InnoDB: Number of pools: 1
2022-10-07  4:55:02 0 [Note] InnoDB: Using SSE2 crc32 instructions
2022-10-07  4:55:02 0 [Note] InnoDB: Initializing buffer pool, total size = 16M, instances = 1, chunk size = 16M
2022-10-07  4:55:02 0 [Note] InnoDB: Completed initialization of buffer pool
2022-10-07  4:55:03 0 [Note] InnoDB: Starting crash recovery from checkpoint LSN=526657
2022-10-07  4:55:03 0 [Note] InnoDB: 128 out of 128 rollback segments are active.
2022-10-07  4:55:03 0 [Note] InnoDB: Removed temporary tablespace data file: "ibtmp1"
2022-10-07  4:55:03 0 [Note] InnoDB: Creating shared tablespace for temporary tables
2022-10-07  4:55:03 0 [Note] InnoDB: Setting file 'C:\xampp\mysql\data\ibtmp1' size to 12 MB. Physically writing the file full; Please wait ...
2022-10-07  4:55:03 0 [Note] InnoDB: File 'C:\xampp\mysql\data\ibtmp1' size is now 12 MB.
2022-10-07  4:55:03 0 [Note] InnoDB: Waiting for purge to start
2022-10-07  4:55:03 0 [Note] InnoDB: 10.4.24 started; log sequence number 526666; transaction id 426
2022-10-07  4:55:03 0 [Note] InnoDB: Loading buffer pool(s) from C:\xampp\mysql\data\ib_buffer_pool
2022-10-07  4:55:03 0 [Note] Plugin 'FEEDBACK' is disabled.
2022-10-07  4:55:03 0 [Note] Server socket created on IP: '::'.
2022-10-11  3:06:26 0 [Note] InnoDB: Mutexes and rw_locks use Windows interlocked functions
2022-10-11  3:06:26 0 [Note] InnoDB: Uses event mutexes
2022-10-11  3:06:26 0 [Note] InnoDB: Compressed tables use zlib 1.2.11
2022-10-11  3:06:26 0 [Note] InnoDB: Number of pools: 1
2022-10-11  3:06:26 0 [Note] InnoDB: Using SSE2 crc32 instructions
2022-10-11  3:06:26 0 [Note] InnoDB: Initializing buffer pool, total size = 16M, instances = 1, chunk size = 16M
2022-10-11  3:06:26 0 [Note] InnoDB: Completed initialization of buffer pool
2022-10-11  3:06:26 0 [Note] InnoDB: Starting crash recovery from checkpoint LSN=539154
2022-10-11  3:06:27 0 [Note] InnoDB: 128 out of 128 rollback segments are active.
2022-10-11  3:06:27 0 [Note] InnoDB: Removed temporary tablespace data file: "ibtmp1"
2022-10-11  3:06:27 0 [Note] InnoDB: Creating shared tablespace for temporary tables
2022-10-11  3:06:27 0 [Note] InnoDB: Setting file 'C:\xampp\mysql\data\ibtmp1' size to 12 MB. Physically writing the file full; Please wait ...
2022-10-11  3:06:27 0 [Note] InnoDB: File 'C:\xampp\mysql\data\ibtmp1' size is now 12 MB.
2022-10-11  3:06:27 0 [Note] InnoDB: Waiting for purge to start
2022-10-11  3:06:27 0 [Note] InnoDB: 10.4.24 started; log sequence number 539163; transaction id 463
2022-10-11  3:06:27 0 [Note] InnoDB: Loading buffer pool(s) from C:\xampp\mysql\data\ib_buffer_pool
2022-10-11  3:06:27 0 [Note] Plugin 'FEEDBACK' is disabled.
2022-10-11  3:06:27 0 [Note] Server socket created on IP: '::'.
2022-10-11  7:18:40 0 [Note] InnoDB: Mutexes and rw_locks use Windows interlocked functions
2022-10-11  7:18:40 0 [Note] InnoDB: Uses event mutexes
2022-10-11  7:18:40 0 [Note] InnoDB: Compressed tables use zlib 1.2.11
2022-10-11  7:18:40 0 [Note] InnoDB: Number of pools: 1
2022-10-11  7:18:40 0 [Note] InnoDB: Using SSE2 crc32 instructions
2022-10-11  7:18:40 0 [Note] InnoDB: Initializing buffer pool, total size = 16M, instances = 1, chunk size = 16M
2022-10-11  7:18:40 0 [Note] InnoDB: Completed initialization of buffer pool
2022-10-11  7:18:40 0 [Note] InnoDB: Starting crash recovery from checkpoint LSN=759849
2022-10-11  7:18:42 0 [Note] InnoDB: 128 out of 128 rollback segments are active.
2022-10-11  7:18:42 0 [Note] InnoDB: Removed temporary tablespace data file: "ibtmp1"
2022-10-11  7:18:42 0 [Note] InnoDB: Creating shared tablespace for temporary tables
2022-10-11  7:18:42 0 [Note] InnoDB: Setting file 'C:\xampp\mysql\data\ibtmp1' size to 12 MB. Physically writing the file full; Please wait ...
2022-10-11  7:18:42 0 [Note] InnoDB: File 'C:\xampp\mysql\data\ibtmp1' size is now 12 MB.
2022-10-11  7:18:42 0 [Note] InnoDB: Waiting for purge to start
2022-10-11  7:18:42 0 [Note] InnoDB: 10.4.24 started; log sequence number 759858; transaction id 701
2022-10-11  7:18:42 0 [Note] InnoDB: Loading buffer pool(s) from C:\xampp\mysql\data\ib_buffer_pool
2022-10-11  7:18:42 0 [Note] Plugin 'FEEDBACK' is disabled.
2022-10-11  7:18:42 0 [Note] Server socket created on IP: '::'.
2022-10-11 10:18:23 0 [Note] InnoDB: Mutexes and rw_locks use Windows interlocked functions
2022-10-11 10:18:23 0 [Note] InnoDB: Uses event mutexes
2022-10-11 10:18:23 0 [Note] InnoDB: Compressed tables use zlib 1.2.11
2022-10-11 10:18:23 0 [Note] InnoDB: Number of pools: 1
2022-10-11 10:18:23 0 [Note] InnoDB: Using SSE2 crc32 instructions
2022-10-11 10:18:23 0 [Note] InnoDB: Initializing buffer pool, total size = 16M, instances = 1, chunk size = 16M
2022-10-11 10:18:23 0 [Note] InnoDB: Completed initialization of buffer pool
2022-10-11 10:18:23 0 [Note] InnoDB: Starting crash recovery from checkpoint LSN=770980
2022-10-11 10:18:23 0 [Note] InnoDB: 128 out of 128 rollback segments are active.
2022-10-11 10:18:23 0 [Note] InnoDB: Removed temporary tablespace data file: "ibtmp1"
2022-10-11 10:18:23 0 [Note] InnoDB: Creating shared tablespace for temporary tables
2022-10-11 10:18:23 0 [Note] InnoDB: Setting file 'C:\xampp\mysql\data\ibtmp1' size to 12 MB. Physically writing the file full; Please wait ...
2022-10-11 10:18:23 0 [Note] InnoDB: File 'C:\xampp\mysql\data\ibtmp1' size is now 12 MB.
2022-10-11 10:18:23 0 [Note] InnoDB: Waiting for purge to start
2022-10-11 10:18:23 0 [Note] InnoDB: 10.4.24 started; log sequence number 770989; transaction id 730
2022-10-11 10:18:23 0 [Note] InnoDB: Loading buffer pool(s) from C:\xampp\mysql\data\ib_buffer_pool
2022-10-11 10:18:23 0 [Note] Plugin 'FEEDBACK' is disabled.
2022-10-11 10:18:23 0 [Note] Server socket created on IP: '::'.
2022-10-11 11:17:20 0 [Note] InnoDB: Mutexes and rw_locks use Windows interlocked functions
2022-10-11 11:17:20 0 [Note] InnoDB: Uses event mutexes
2022-10-11 11:17:20 0 [Note] InnoDB: Compressed tables use zlib 1.2.11
2022-10-11 11:17:20 0 [Note] InnoDB: Number of pools: 1
2022-10-11 11:17:20 0 [Note] InnoDB: Using SSE2 crc32 instructions
2022-10-11 11:17:20 0 [Note] InnoDB: Initializing buffer pool, total size = 16M, instances = 1, chunk size = 16M
2022-10-11 11:17:20 0 [Note] InnoDB: Completed initialization of buffer pool
2022-10-11 11:17:21 0 [Note] InnoDB: Starting crash recovery from checkpoint LSN=771405
2022-10-11 11:17:22 0 [Note] InnoDB: 128 out of 128 rollback segments are active.
2022-10-11 11:17:22 0 [Note] InnoDB: Removed temporary tablespace data file: "ibtmp1"
2022-10-11 11:17:22 0 [Note] InnoDB: Creating shared tablespace for temporary tables
2022-10-11 11:17:22 0 [Note] InnoDB: Setting file 'C:\xampp\mysql\data\ibtmp1' size to 12 MB. Physically writing the file full; Please wait ...
2022-10-11 11:17:22 0 [Note] InnoDB: File 'C:\xampp\mysql\data\ibtmp1' size is now 12 MB.
2022-10-11 11:17:22 0 [Note] InnoDB: Waiting for purge to start
2022-10-11 11:17:22 0 [Note] InnoDB: 10.4.24 started; log sequence number 771414; transaction id 737
2022-10-11 11:17:22 0 [Note] InnoDB: Loading buffer pool(s) from C:\xampp\mysql\data\ib_buffer_pool
2022-10-11 11:17:22 0 [Note] Plugin 'FEEDBACK' is disabled.
2022-10-11 11:17:22 0 [Note] Server socket created on IP: '::'.
2022-10-12 14:19:18 0 [Note] InnoDB: Mutexes and rw_locks use Windows interlocked functions
2022-10-12 14:19:18 0 [Note] InnoDB: Uses event mutexes
2022-10-12 14:19:18 0 [Note] InnoDB: Compressed tables use zlib 1.2.11
2022-10-12 14:19:18 0 [Note] InnoDB: Number of pools: 1
2022-10-12 14:19:18 0 [Note] InnoDB: Using SSE2 crc32 instructions
2022-10-12 14:19:18 0 [Note] InnoDB: Initializing buffer pool, total size = 16M, instances = 1, chunk size = 16M
2022-10-12 14:19:18 0 [Note] InnoDB: Completed initialization of buffer pool
2022-10-12 14:19:18 0 [Note] InnoDB: Starting crash recovery from checkpoint LSN=781434
2022-10-12 14:19:19 0 [Note] InnoDB: 128 out of 128 rollback segments are active.
2022-10-12 14:19:19 0 [Note] InnoDB: Removed temporary tablespace data file: "ibtmp1"
2022-10-12 14:19:19 0 [Note] InnoDB: Creating shared tablespace for temporary tables
2022-10-12 14:19:19 0 [Note] InnoDB: Setting file 'C:\xampp\mysql\data\ibtmp1' size to 12 MB. Physically writing the file full; Please wait ...
2022-10-12 14:19:19 0 [Note] InnoDB: File 'C:\xampp\mysql\data\ibtmp1' size is now 12 MB.
2022-10-12 14:19:19 0 [Note] InnoDB: Waiting for purge to start
2022-10-12 14:19:19 0 [Note] InnoDB: 10.4.24 started; log sequence number 781443; transaction id 760
2022-10-12 14:19:19 0 [Note] InnoDB: Loading buffer pool(s) from C:\xampp\mysql\data\ib_buffer_pool
2022-10-12 14:19:19 0 [Note] Plugin 'FEEDBACK' is disabled.
2022-10-12 14:19:19 0 [Note] Server socket created on IP: '::'.
2022-10-14 17:01:29 0 [Note] InnoDB: Mutexes and rw_locks use Windows interlocked functions
2022-10-14 17:01:29 0 [Note] InnoDB: Uses event mutexes
2022-10-14 17:01:29 0 [Note] InnoDB: Compressed tables use zlib 1.2.11
2022-10-14 17:01:29 0 [Note] InnoDB: Number of pools: 1
2022-10-14 17:01:29 0 [Note] InnoDB: Using SSE2 crc32 instructions
2022-10-14 17:01:29 0 [Note] InnoDB: Initializing buffer pool, total size = 16M, instances = 1, chunk size = 16M
2022-10-14 17:01:29 0 [Note] InnoDB: Completed initialization of buffer pool
2022-10-14 17:01:29 0 [Note] InnoDB: Starting crash recovery from checkpoint LSN=785751
2022-10-14 17:01:29 0 [Note] InnoDB: 128 out of 128 rollback segments are active.
2022-10-14 17:01:29 0 [Note] InnoDB: Removed temporary tablespace data file: "ibtmp1"
2022-10-14 17:01:29 0 [Note] InnoDB: Creating shared tablespace for temporary tables
2022-10-14 17:01:29 0 [Note] InnoDB: Setting file 'C:\xampp\mysql\data\ibtmp1' size to 12 MB. Physically writing the file full; Please wait ...
2022-10-14 17:01:29 0 [Note] InnoDB: File 'C:\xampp\mysql\data\ibtmp1' size is now 12 MB.
2022-10-14 17:01:29 0 [Note] InnoDB: Waiting for purge to start
2022-10-14 17:01:29 0 [Note] InnoDB: 10.4.24 started; log sequence number 785760; transaction id 773
2022-10-14 17:01:29 0 [Note] InnoDB: Loading buffer pool(s) from C:\xampp\mysql\data\ib_buffer_pool
2022-10-14 17:01:29 0 [Note] Plugin 'FEEDBACK' is disabled.
2022-10-14 17:01:30 0 [Note] Server socket created on IP: '::'.
2022-11-12 21:16:26 0 [Note] InnoDB: Mutexes and rw_locks use Windows interlocked functions
2022-11-12 21:16:26 0 [Note] InnoDB: Uses event mutexes
2022-11-12 21:16:26 0 [Note] InnoDB: Compressed tables use zlib 1.2.11
2022-11-12 21:16:26 0 [Note] InnoDB: Number of pools: 1
2022-11-12 21:16:26 0 [Note] InnoDB: Using SSE2 crc32 instructions
2022-11-12 21:16:26 0 [Note] InnoDB: Initializing buffer pool, total size = 16M, instances = 1, chunk size = 16M
2022-11-12 21:16:26 0 [Note] InnoDB: Completed initialization of buffer pool
2022-11-12 21:16:26 0 [Note] InnoDB: Starting crash recovery from checkpoint LSN=785769
2022-11-12 21:16:28 0 [Note] InnoDB: 128 out of 128 rollback segments are active.
2022-11-12 21:16:28 0 [Note] InnoDB: Removed temporary tablespace data file: "ibtmp1"
2022-11-12 21:16:28 0 [Note] InnoDB: Creating shared tablespace for temporary tables
2022-11-12 21:16:28 0 [Note] InnoDB: Setting file 'C:\xampp\mysql\data\ibtmp1' size to 12 MB. Physically writing the file full; Please wait ...
2022-11-12 21:16:28 0 [Note] InnoDB: File 'C:\xampp\mysql\data\ibtmp1' size is now 12 MB.
2022-11-12 21:16:28 0 [Note] InnoDB: Waiting for purge to start
2022-11-12 21:16:28 0 [Note] InnoDB: Waiting for purge to start
2022-11-12 21:16:28 0 [Note] InnoDB: 10.4.24 started; log sequence number 785778; transaction id 773
2022-11-12 21:16:28 0 [Note] InnoDB: Loading buffer pool(s) from C:\xampp\mysql\data\ib_buffer_pool
2022-11-12 21:16:28 0 [Note] InnoDB: Buffer pool(s) load completed at 221112 21:16:28
2022-11-12 21:16:28 0 [Note] Plugin 'FEEDBACK' is disabled.
2022-11-12 21:16:29 0 [Note] Server socket created on IP: '::'.
2022-11-18  2:42:15 0 [Note] InnoDB: Mutexes and rw_locks use Windows interlocked functions
2022-11-18  2:42:15 0 [Note] InnoDB: Uses event mutexes
2022-11-18  2:42:15 0 [Note] InnoDB: Compressed tables use zlib 1.2.11
2022-11-18  2:42:15 0 [Note] InnoDB: Number of pools: 1
2022-11-18  2:42:15 0 [Note] InnoDB: Using SSE2 crc32 instructions
2022-11-18  2:42:15 0 [Note] InnoDB: Initializing buffer pool, total size = 16M, instances = 1, chunk size = 16M
2022-11-18  2:42:15 0 [Note] InnoDB: Completed initialization of buffer pool
2022-11-18  2:42:15 0 [Note] InnoDB: Starting crash recovery from checkpoint LSN=786162
2022-11-18  2:42:16 0 [Note] InnoDB: 128 out of 128 rollback segments are active.
2022-11-18  2:42:16 0 [Note] InnoDB: Removed temporary tablespace data file: "ibtmp1"
2022-11-18  2:42:16 0 [Note] InnoDB: Creating shared tablespace for temporary tables
2022-11-18  2:42:16 0 [Note] InnoDB: Setting file 'C:\xampp\mysql\data\ibtmp1' size to 12 MB. Physically writing the file full; Please wait ...
2022-11-18  2:42:16 0 [Note] InnoDB: File 'C:\xampp\mysql\data\ibtmp1' size is now 12 MB.
2022-11-18  2:42:16 0 [Note] InnoDB: 10.4.24 started; log sequence number 786171; transaction id 780
2022-11-18  2:42:16 0 [Note] InnoDB: Loading buffer pool(s) from C:\xampp\mysql\data\ib_buffer_pool
2022-11-18  2:42:16 0 [Note] Plugin 'FEEDBACK' is disabled.
2022-11-18  2:42:16 0 [Note] InnoDB: Buffer pool(s) load completed at 221118  2:42:16
2022-11-18  2:42:16 0 [Note] Server socket created on IP: '::'.
2024-06-10 17:05:37 0 [Note] InnoDB: Mutexes and rw_locks use Windows interlocked functions
2024-06-10 17:05:37 0 [Note] InnoDB: Uses event mutexes
2024-06-10 17:05:37 0 [Note] InnoDB: Compressed tables use zlib 1.2.11
2024-06-10 17:05:37 0 [Note] InnoDB: Number of pools: 1
2024-06-10 17:05:37 0 [Note] InnoDB: Using SSE2 crc32 instructions
2024-06-10 17:05:37 0 [Note] InnoDB: Initializing buffer pool, total size = 16M, instances = 1, chunk size = 16M
2024-06-10 17:05:37 0 [Note] InnoDB: Completed initialization of buffer pool
2024-06-10 17:05:38 0 [Note] InnoDB: Starting crash recovery from checkpoint LSN=786180
2024-06-10 17:05:40 0 [ERROR] InnoDB: The innodb_system data file 'ibdata1' must be writable
2024-06-10 17:05:40 0 [ERROR] InnoDB: The innodb_system data file 'ibdata1' must be writable
2024-06-10 17:05:40 0 [ERROR] Plugin 'InnoDB' init function returned error.
2024-06-10 17:05:40 0 [ERROR] Plugin 'InnoDB' registration as a STORAGE ENGINE failed.
2024-06-10 17:05:40 0 [Note] Plugin 'FEEDBACK' is disabled.
2024-06-10 17:05:41 0 [ERROR] Unknown/unsupported storage engine: InnoDB
2024-06-10 17:05:41 0 [ERROR] Aborting
2024-06-10 17:05:42 0 [Note] InnoDB: 128 out of 128 rollback segments are active.
2024-06-10 17:05:42 0 [Note] InnoDB: Removed temporary tablespace data file: "ibtmp1"
2024-06-10 17:05:42 0 [Note] InnoDB: Creating shared tablespace for temporary tables
2024-06-10 17:05:42 0 [Note] InnoDB: Setting file 'C:\xampp\mysql\data\ibtmp1' size to 12 MB. Physically writing the file full; Please wait ...
2024-06-10 17:05:42 0 [Note] InnoDB: File 'C:\xampp\mysql\data\ibtmp1' size is now 12 MB.
2024-06-10 17:05:42 0 [Note] InnoDB: Waiting for purge to start
2024-06-10 17:05:42 0 [Note] InnoDB: 10.4.24 started; log sequence number 786189; transaction id 780
2024-06-10 17:05:42 0 [Note] Plugin 'FEEDBACK' is disabled.
2024-06-10 17:05:42 0 [Note] InnoDB: Loading buffer pool(s) from C:\xampp\mysql\data\ib_buffer_pool
2024-06-10 17:05:42 0 [Note] InnoDB: Buffer pool(s) load completed at 240610 17:05:42
2024-06-10 17:05:42 0 [Note] Server socket created on IP: '::'.
